#
# There is insufficient memory for the Java Runtime Environment to continue.
# Native memory allocation (mmap) failed to map 100663296 bytes for G1 virtual space
# Possible reasons:
#   The system is out of physical RAM or swap space
#   The process is running with CompressedOops enabled, and the Java Heap may be blocking the growth of the native heap
# Possible solutions:
#   Reduce memory load on the system
#   Increase physical memory or swap space
#   Check if swap backing store is full
#   Decrease Java heap size (-Xmx/-Xms)
#   Decrease number of Java threads
#   Decrease Java thread stack sizes (-Xss)
#   Set larger code cache with -XX:ReservedCodeCacheSize=
#   JVM is running with Unscaled Compressed Oops mode in which the Java heap is
#     placed in the first 4GB address space. The Java Heap base address is the
#     maximum limit for the native heap growth. Please use -XX:HeapBaseMinAddress
#     to set the Java Heap base and to place the Java Heap above 4GB virtual address.
# This output file may be truncated or incomplete.
#
#  Out of Memory Error (os_windows.cpp:3769), pid=17704, tid=16396
#
# JRE version:  (17.0.6) (build )
# Java VM: OpenJDK 64-Bit Server VM (17.0.6+0-b2043.56-9586694, mixed mode, sharing, tiered, compressed oops, compressed class ptrs, g1 gc, windows-amd64)
# No core dump will be written. Minidumps are not enabled by default on client versions of Windows
#

---------------  S U M M A R Y ------------

Command Line: org.jetbrains.kotlin.cli.jvm.K2JVMCompiler @C:\AndroidProjects\MyApp\app\build\20230629_7319499432001732244.compiler.options

Host: Intel(R) Core(TM) i5-7200U CPU @ 2.50GHz, 4 cores, 5G,  Windows 10 , 64 bit Build 18362 (10.0.18362.1500)
Time: Thu Jun 29 14:01:28 2023 RTZ 2 (зима) elapsed time: 0.202112 seconds (0d 0h 0m 0s)

---------------  T H R E A D  ---------------

Current thread (0x000001ada7cbe330):  JavaThread "Unknown thread" [_thread_in_vm, id=16396, stack(0x00000062a4200000,0x00000062a4300000)]

Stack: [0x00000062a4200000,0x00000062a4300000]
Native frames: (J=compiled Java code, j=interpreted, Vv=VM code, C=native code)
V  [jvm.dll+0x683b4a]
V  [jvm.dll+0x842654]
V  [jvm.dll+0x843dfe]
V  [jvm.dll+0x844463]
V  [jvm.dll+0x249b75]
V  [jvm.dll+0x680a19]
V  [jvm.dll+0x674f0a]
V  [jvm.dll+0x309acb]
V  [jvm.dll+0x310f86]
V  [jvm.dll+0x3608ee]
V  [jvm.dll+0x360b1f]
V  [jvm.dll+0x2dfbf8]
V  [jvm.dll+0x2e0b64]
V  [jvm.dll+0x813f41]
V  [jvm.dll+0x36e6a1]
V  [jvm.dll+0x7f347c]
V  [jvm.dll+0x3f0e8f]
V  [jvm.dll+0x3f29d1]
C  [jli.dll+0x526b]
C  [ucrtbase.dll+0x210b2]
C  [KERNEL32.DLL+0x17c24]
C  [ntdll.dll+0x6d721]


---------------  P R O C E S S  ---------------

Threads class SMR info:
_java_thread_list=0x00007ffbfc30c058, length=0, elements={
}

Java Threads: ( => current thread )

Other Threads:
  0x000001ada7d08310 GCTaskThread "GC Thread#0" [stack: 0x00000062a4300000,0x00000062a4400000] [id=5612]
  0x000001ada7d15e70 ConcurrentGCThread "G1 Main Marker" [stack: 0x00000062a4400000,0x00000062a4500000] [id=14736]
  0x000001ada7d187b0 ConcurrentGCThread "G1 Conc#0" [stack: 0x00000062a4500000,0x00000062a4600000] [id=14820]

[error occurred during error reporting (printing all threads), id 0xc0000005, EXCEPTION_ACCESS_VIOLATION (0xc0000005) at pc=0x00007ffbfbac0797]

VM state: not at safepoint (not fully initialized)

VM Mutex/Monitor currently owned by a thread:  ([mutex/lock_event])
[0x000001ada7cb9580] Heap_lock - owner thread: 0x000001ada7cbe330

Heap address: 0x00000000a1800000, size: 1512 MB, Compressed Oops mode: 32-bit

CDS archive(s) mapped at: [0x0000000000000000-0x0000000000000000-0x0000000000000000), size 0, SharedBaseAddress: 0x0000000800000000, ArchiveRelocationMode: 0.
Narrow klass base: 0x0000000000000000, Narrow klass shift: 0, Narrow klass range: 0x0

GC Precious Log:
<Empty>

Heap:
 garbage-first heap   total 0K, used 0K [0x00000000a1800000, 0x0000000100000000)
  region size 1024K, 0 young (0K), 0 survivors (0K)

[error occurred during error reporting (printing heap information), id 0xc0000005, EXCEPTION_ACCESS_VIOLATION (0xc0000005) at pc=0x00007ffbfbead939]

GC Heap History (0 events):
No events

Dll operation events (1 events):
Event: 0.196 Loaded shared library C:\Program Files\Android\Android Studio\jbr\bin\java.dll

Deoptimization events (0 events):
No events

Classes unloaded (0 events):
No events

Classes redefined (0 events):
No events

Internal exceptions (0 events):
No events

VM Operations (0 events):
No events

Events (0 events):
No events


Dynamic libraries:
0x00007ff759940000 - 0x00007ff75994a000 	C:\Program Files\Android\Android Studio\jbr\bin\java.exe
0x00007ffc3cbc0000 - 0x00007ffc3cdb0000 	C:\WINDOWS\SYSTEM32\ntdll.dll
0x00007ffc3b8e0000 - 0x00007ffc3b992000 	C:\WINDOWS\System32\KERNEL32.DLL
0x00007ffc3a150000 - 0x00007ffc3a3f5000 	C:\WINDOWS\System32\KERNELBASE.dll
0x00007ffc39b30000 - 0x00007ffc39c2a000 	C:\WINDOWS\System32\ucrtbase.dll
0x00007ffc2af30000 - 0x00007ffc2af4b000 	C:\Program Files\Android\Android Studio\jbr\bin\VCRUNTIME140.dll
0x00007ffc2d610000 - 0x00007ffc2d627000 	C:\Program Files\Android\Android Studio\jbr\bin\jli.dll
0x00007ffc3bda0000 - 0x00007ffc3bf34000 	C:\WINDOWS\System32\USER32.dll
0x00007ffc3a490000 - 0x00007ffc3a4b1000 	C:\WINDOWS\System32\win32u.dll
0x00007ffc27900000 - 0x00007ffc27b84000 	C:\WINDOWS\WinSxS\amd64_microsoft.windows.common-controls_6595b64144ccf1df_6.0.18362.1556_none_9e7e372fe45e41d5\COMCTL32.dll
0x00007ffc3b0f0000 - 0x00007ffc3b116000 	C:\WINDOWS\System32\GDI32.dll
0x00007ffc3b150000 - 0x00007ffc3b1ee000 	C:\WINDOWS\System32\msvcrt.dll
0x00007ffc39d90000 - 0x00007ffc39f28000 	C:\WINDOWS\System32\gdi32full.dll
0x00007ffc3c230000 - 0x00007ffc3c566000 	C:\WINDOWS\System32\combase.dll
0x00007ffc3a0b0000 - 0x00007ffc3a14e000 	C:\WINDOWS\System32\msvcp_win.dll
0x00007ffc3c110000 - 0x00007ffc3c22f000 	C:\WINDOWS\System32\RPCRT4.dll
0x00007ffc3a400000 - 0x00007ffc3a481000 	C:\WINDOWS\System32\bcryptPrimitives.dll
0x00007ffc3c8d0000 - 0x00007ffc3c8fe000 	C:\WINDOWS\System32\IMM32.DLL
0x00007ffc35aa0000 - 0x00007ffc35aac000 	C:\Program Files\Android\Android Studio\jbr\bin\vcruntime140_1.dll
0x00007ffc157e0000 - 0x00007ffc1586d000 	C:\Program Files\Android\Android Studio\jbr\bin\msvcp140.dll
0x00007ffbfb7d0000 - 0x00007ffbfc43d000 	C:\Program Files\Android\Android Studio\jbr\bin\server\jvm.dll
0x00007ffc3b9b0000 - 0x00007ffc3ba53000 	C:\WINDOWS\System32\ADVAPI32.dll
0x00007ffc3ba60000 - 0x00007ffc3baf7000 	C:\WINDOWS\System32\sechost.dll
0x00007ffc35ee0000 - 0x00007ffc35ee9000 	C:\WINDOWS\SYSTEM32\WSOCK32.dll
0x00007ffc366a0000 - 0x00007ffc366c4000 	C:\WINDOWS\SYSTEM32\WINMM.dll
0x00007ffc3c570000 - 0x00007ffc3c5df000 	C:\WINDOWS\System32\WS2_32.dll
0x00007ffc36640000 - 0x00007ffc3666d000 	C:\WINDOWS\SYSTEM32\winmmbase.dll
0x00007ffc316f0000 - 0x00007ffc316fa000 	C:\WINDOWS\SYSTEM32\VERSION.dll
0x00007ffc39f90000 - 0x00007ffc39fda000 	C:\WINDOWS\System32\cfgmgr32.dll
0x00007ffc39af0000 - 0x00007ffc39b01000 	C:\WINDOWS\System32\kernel.appcore.dll
0x00007ffc34690000 - 0x00007ffc3469a000 	C:\Program Files\Android\Android Studio\jbr\bin\jimage.dll
0x00007ffc25fa0000 - 0x00007ffc26194000 	C:\WINDOWS\SYSTEM32\DBGHELP.DLL
0x00007ffc25110000 - 0x00007ffc2513a000 	C:\WINDOWS\SYSTEM32\dbgcore.DLL
0x00007ffc2e270000 - 0x00007ffc2e295000 	C:\Program Files\Android\Android Studio\jbr\bin\java.dll

dbghelp: loaded successfully - version: 4.0.5 - missing functions: none
symbol engine: initialized successfully - sym options: 0x614 - pdb path: .;C:\Program Files\Android\Android Studio\jbr\bin;C:\WINDOWS\SYSTEM32;C:\WINDOWS\WinSxS\amd64_microsoft.windows.common-controls_6595b64144ccf1df_6.0.18362.1556_none_9e7e372fe45e41d5;C:\Program Files\Android\Android Studio\jbr\bin\server

VM Arguments:
java_command: org.jetbrains.kotlin.cli.jvm.K2JVMCompiler @C:\AndroidProjects\MyApp\app\build\20230629_7319499432001732244.compiler.options
java_class_path (initial): C:\Users\Равиль Габдулхакович\.gradle\caches\modules-2\files-2.1\org.jetbrains.kotlin\kotlin-compiler-embeddable\1.8.20\78d9baa57f65babf9e0a93e51f62f26f5f35ac3e\kotlin-compiler-embeddable-1.8.20.jar;C:\Users\Равиль Габдулхакович\.gradle\caches\modules-2\files-2.1\org.jetbrains.kotlin\kotlin-stdlib\1.8.20\e72fc5e03ec6c064c678a6bd0d955c88d55b0c4a\kotlin-stdlib-1.8.20.jar;C:\Users\Равиль Габдулхакович\.gradle\caches\modules-2\files-2.1\org.jetbrains.kotlin\kotlin-script-runtime\1.8.20\c850771e723701f9d63dbcf641429c0f29290074\kotlin-script-runtime-1.8.20.jar;C:\Users\Равиль Габдулхакович\.gradle\caches\modules-2\files-2.1\org.jetbrains.kotlin\kotlin-reflect\1.6.10\1cbe9c92c12a94eea200d23c2bbaedaf3daf5132\kotlin-reflect-1.6.10.jar;C:\Users\Равиль Габдулхакович\.gradle\caches\modules-2\files-2.1\org.jetbrains.kotlin\kotlin-daemon-embeddable\1.8.20\c1b808fbe5fee60bd0504a54778120ef40f383d4\kotlin-daemon-embeddable-1.8.20.jar;C:\Users\Равиль Габдулхакович\.gradle\caches\modules-2\files-2.1\org.jetbrains.intellij.deps\trove4j\1.0.20200330\3afb14d5f9ceb459d724e907a21145e8ff394f02\trove4j-1.0.20200330.jar;C:\Users\Равиль Габдулхакович\.gradle\caches\modules-2\files-2.1\net.java.dev.jna\jna\5.6.0\330f2244e9030119ab3030fc3fededc86713d9cc\jna-5.6.0.jar;C:\Users\Равиль Габдулхакович\.gradle\caches\modules-2\files-2.1\org.jetbrains.kotlin\kotlin-stdlib-common\1.8.20\5eddaaf234c8c49d03eebeb6a14feb7f90faca71\kotlin-stdlib-common-1.8.20.jar;C:\Users\Равиль Габдулхакович\.gradle\caches\modules-2\files-2.1\org.jetbrains\annotations\13.0\919f0dfe192fb4e063e7dacadee7f8bb9a2672a9\annotations-13.0.jar
Launcher Type: SUN_STANDARD

[Global flags]
     intx CICompilerCount                          = 3                                         {product} {ergonomic}
     uint ConcGCThreads                            = 1                                         {product} {ergonomic}
     uint G1ConcRefinementThreads                  = 4                                         {product} {ergonomic}
   size_t G1HeapRegionSize                         = 1048576                                   {product} {ergonomic}
    uintx GCDrainStackTargetSize                   = 64                                        {product} {ergonomic}
   size_t InitialHeapSize                          = 100663296                                 {product} {ergonomic}
   size_t MarkStackSize                            = 4194304                                   {product} {ergonomic}
   size_t MaxHeapSize                              = 1585446912                                {product} {ergonomic}
   size_t MinHeapDeltaBytes                        = 1048576                                   {product} {ergonomic}
   size_t MinHeapSize                              = 8388608                                   {product} {ergonomic}
    uintx NonNMethodCodeHeapSize                   = 5832780                                {pd product} {ergonomic}
    uintx NonProfiledCodeHeapSize                  = 122912730                              {pd product} {ergonomic}
    uintx ProfiledCodeHeapSize                     = 122912730                              {pd product} {ergonomic}
    uintx ReservedCodeCacheSize                    = 251658240                              {pd product} {ergonomic}
     bool SegmentedCodeCache                       = true                                      {product} {ergonomic}
   size_t SoftMaxHeapSize                          = 1585446912                             {manageable} {ergonomic}
     bool UseCompressedClassPointers               = true                           {product lp64_product} {ergonomic}
     bool UseCompressedOops                        = true                           {product lp64_product} {ergonomic}
     bool UseG1GC                                  = true                                      {product} {ergonomic}
     bool UseLargePagesIndividualAllocation        = false                                  {pd product} {ergonomic}

Logging:
Log output configuration:
 #0: stdout all=warning uptime,level,tags
 #1: stderr all=off uptime,level,tags

Environment Variables:
PATH=C:\Program Files\Common Files\Oracle\Java\javapath;C:\Windows\system32;C:\Windows;C:\Windows\System32\Wbem;C:\Windows\System32\WindowsPowerShell\v1.0\;C:\Program Files (x86)\NVIDIA Corporation\PhysX\Common;C:\WINDOWS\system32;C:\WINDOWS;C:\WINDOWS\System32\Wbem;C:\WINDOWS\System32\WindowsPowerShell\v1.0\;C:\WINDOWS\System32\OpenSSH\;C:\Program Files\Git\cmd;C:\Users\Равиль Габдулхакович\AppData\Local\Programs\Python\Launcher\;C:\Users\Равиль Габдулхакович\AppData\Local\Microsoft\WindowsApps;;C:\Program Files\JetBrains\IntelliJ IDEA 2022.2.2\bin;;C:\Program Files\JetBrains\PyCharm 2022.3.2\bin;
USERNAME=Равиль Габдулхакович
OS=Windows_NT
PROCESSOR_IDENTIFIER=Intel64 Family 6 Model 142 Stepping 9, GenuineIntel
TMP=C:\Users\837F~1\AppData\Local\Temp
TEMP=C:\Users\837F~1\AppData\Local\Temp



---------------  S Y S T E M  ---------------

OS:
 Windows 10 , 64 bit Build 18362 (10.0.18362.1500)
OS uptime: 6 days 3:06 hours

CPU: total 4 (initial active 4) (2 cores per cpu, 2 threads per core) family 6 model 142 stepping 9 microcode 0xde, cx8, cmov, fxsr, ht, mmx, 3dnowpref, sse, sse2, sse3, ssse3, sse4.1, sse4.2, popcnt, lzcnt, tsc, tscinvbit, avx, avx2, aes, erms, clmul, bmi1, bmi2, adx, fma, vzeroupper, clflush, clflushopt

Memory: 4k page, system-wide physical 6044M (37M free)
TotalPageFile size 7068M (AvailPageFile size 59M)
current process WorkingSet (physical memory assigned to process): 10M, peak: 10M
current process commit charge ("private bytes"): 51M, peak: 147M

vm_info: OpenJDK 64-Bit Server VM (17.0.6+0-b2043.56-9586694) for windows-amd64 JRE (17.0.6+0-b2043.56-9586694), built on Feb  9 2023 20:06:20 by "androidbuild" with MS VC++ 16.10 / 16.11 (VS2019)

END.
